<?xml version="1.0" encoding="UTF-8"?>
<testsuite xmlns:xsi="http://www.w3.org/2001/XMLSchema-instance" xsi:noNamespaceSchemaLocation="https://maven.apache.org/surefire/maven-surefire-plugin/xsd/surefire-test-report.xsd" name="com.tms.common.AppTest" time="0.009" tests="1" errors="0" skipped="0" failures="0">
  <properties>
    <property name="sun.desktop" value="windows"/>
    <property name="awt.toolkit" value="sun.awt.windows.WToolkit"/>
    <property name="file.encoding.pkg" value="sun.io"/>
    <property name="java.specification.version" value="1.8"/>
    <property name="sun.cpu.isalist" value="amd64"/>
    <property name="sun.jnu.encoding" value="GBK"/>
    <property name="java.class.path" value="D:\private\tms\tms-parent\tms-common\target\test-classes;D:\private\tms\tms-parent\tms-common\target\classes;D:\Cache\.m2\repo\junit\junit\4.12\junit-4.12.jar;D:\Cache\.m2\repo\org\hamcrest\hamcrest-core\2.1\hamcrest-core-2.1.jar;D:\Cache\.m2\repo\com\baomidou\mybatis-plus-generator\3.5.1\mybatis-plus-generator-3.5.1.jar;D:\Cache\.m2\repo\com\baomidou\mybatis-plus-boot-starter\3.4.3.4\mybatis-plus-boot-starter-3.4.3.4.jar;D:\Cache\.m2\repo\com\baomidou\mybatis-plus\3.4.3.4\mybatis-plus-3.4.3.4.jar;D:\Cache\.m2\repo\com\baomidou\mybatis-plus-extension\3.4.3.4\mybatis-plus-extension-3.4.3.4.jar;D:\Cache\.m2\repo\com\baomidou\mybatis-plus-core\3.4.3.4\mybatis-plus-core-3.4.3.4.jar;D:\Cache\.m2\repo\com\baomidou\mybatis-plus-annotation\3.4.3.4\mybatis-plus-annotation-3.4.3.4.jar;D:\Cache\.m2\repo\com\github\jsqlparser\jsqlparser\4.2\jsqlparser-4.2.jar;D:\Cache\.m2\repo\org\mybatis\mybatis\3.5.7\mybatis-3.5.7.jar;D:\Cache\.m2\repo\org\mybatis\mybatis-spring\2.0.6\mybatis-spring-2.0.6.jar;D:\Cache\.m2\repo\org\springframework\boot\spring-boot-autoconfigure\2.2.13.RELEASE\spring-boot-autoconfigure-2.2.13.RELEASE.jar;D:\Cache\.m2\repo\org\springframework\boot\spring-boot\2.2.13.RELEASE\spring-boot-2.2.13.RELEASE.jar;D:\Cache\.m2\repo\org\springframework\spring-context\5.2.12.RELEASE\spring-context-5.2.12.RELEASE.jar;D:\Cache\.m2\repo\org\springframework\spring-expression\5.2.12.RELEASE\spring-expression-5.2.12.RELEASE.jar;D:\Cache\.m2\repo\org\springframework\boot\spring-boot-starter-jdbc\2.2.13.RELEASE\spring-boot-starter-jdbc-2.2.13.RELEASE.jar;D:\Cache\.m2\repo\com\zaxxer\HikariCP\3.4.5\HikariCP-3.4.5.jar;D:\Cache\.m2\repo\org\springframework\spring-jdbc\5.2.12.RELEASE\spring-jdbc-5.2.12.RELEASE.jar;D:\Cache\.m2\repo\org\springframework\spring-beans\5.2.12.RELEASE\spring-beans-5.2.12.RELEASE.jar;D:\Cache\.m2\repo\org\springframework\spring-tx\5.2.12.RELEASE\spring-tx-5.2.12.RELEASE.jar;D:\Cache\.m2\repo\mysql\mysql-connector-java\8.0.18\mysql-connector-java-8.0.18.jar;D:\Cache\.m2\repo\com\google\protobuf\protobuf-java\3.6.1\protobuf-java-3.6.1.jar;D:\Cache\.m2\repo\org\apache\velocity\velocity-engine-core\2.3\velocity-engine-core-2.3.jar;D:\Cache\.m2\repo\org\apache\commons\commons-lang3\3.9\commons-lang3-3.9.jar;D:\Cache\.m2\repo\org\slf4j\slf4j-api\1.7.30\slf4j-api-1.7.30.jar;D:\Cache\.m2\repo\org\springframework\cloud\spring-cloud-starter-netflix-eureka-server\2.2.0.M3\spring-cloud-starter-netflix-eureka-server-2.2.0.M3.jar;D:\Cache\.m2\repo\org\springframework\cloud\spring-cloud-starter\2.2.0.M3\spring-cloud-starter-2.2.0.M3.jar;D:\Cache\.m2\repo\org\springframework\cloud\spring-cloud-context\2.2.0.M3\spring-cloud-context-2.2.0.M3.jar;D:\Cache\.m2\repo\org\springframework\security\spring-security-crypto\5.2.8.RELEASE\spring-security-crypto-5.2.8.RELEASE.jar;D:\Cache\.m2\repo\org\springframework\cloud\spring-cloud-commons\2.2.0.M3\spring-cloud-commons-2.2.0.M3.jar;D:\Cache\.m2\repo\org\springframework\security\spring-security-rsa\1.0.7.RELEASE\spring-security-rsa-1.0.7.RELEASE.jar;D:\Cache\.m2\repo\org\bouncycastle\bcpkix-jdk15on\1.60\bcpkix-jdk15on-1.60.jar;D:\Cache\.m2\repo\org\bouncycastle\bcprov-jdk15on\1.60\bcprov-jdk15on-1.60.jar;D:\Cache\.m2\repo\org\springframework\cloud\spring-cloud-netflix-eureka-server\2.2.0.M3\spring-cloud-netflix-eureka-server-2.2.0.M3.jar;D:\Cache\.m2\repo\org\springframework\boot\spring-boot-starter-web\2.2.13.RELEASE\spring-boot-starter-web-2.2.13.RELEASE.jar;D:\Cache\.m2\repo\org\springframework\boot\spring-boot-starter-json\2.2.13.RELEASE\spring-boot-starter-json-2.2.13.RELEASE.jar;D:\Cache\.m2\repo\com\fasterxml\jackson\datatype\jackson-datatype-jdk8\2.10.5\jackson-datatype-jdk8-2.10.5.jar;D:\Cache\.m2\repo\com\fasterxml\jackson\datatype\jackson-datatype-jsr310\2.10.5\jackson-datatype-jsr310-2.10.5.jar;D:\Cache\.m2\repo\com\fasterxml\jackson\module\jackson-module-parameter-names\2.10.5\jackson-module-parameter-names-2.10.5.jar;D:\Cache\.m2\repo\org\springframework\boot\spring-boot-starter-tomcat\2.2.13.RELEASE\spring-boot-starter-tomcat-2.2.13.RELEASE.jar;D:\Cache\.m2\repo\org\apache\tomcat\embed\tomcat-embed-core\9.0.41\tomcat-embed-core-9.0.41.jar;D:\Cache\.m2\repo\org\apache\tomcat\embed\tomcat-embed-el\9.0.41\tomcat-embed-el-9.0.41.jar;D:\Cache\.m2\repo\org\apache\tomcat\embed\tomcat-embed-websocket\9.0.41\tomcat-embed-websocket-9.0.41.jar;D:\Cache\.m2\repo\org\springframework\boot\spring-boot-starter-validation\2.2.13.RELEASE\spring-boot-starter-validation-2.2.13.RELEASE.jar;D:\Cache\.m2\repo\jakarta\validation\jakarta.validation-api\2.0.2\jakarta.validation-api-2.0.2.jar;D:\Cache\.m2\repo\org\hibernate\validator\hibernate-validator\6.0.22.Final\hibernate-validator-6.0.22.Final.jar;D:\Cache\.m2\repo\org\jboss\logging\jboss-logging\3.4.1.Final\jboss-logging-3.4.1.Final.jar;D:\Cache\.m2\repo\com\fasterxml\classmate\1.5.1\classmate-1.5.1.jar;D:\Cache\.m2\repo\org\springframework\spring-web\5.2.12.RELEASE\spring-web-5.2.12.RELEASE.jar;D:\Cache\.m2\repo\org\springframework\spring-webmvc\5.2.12.RELEASE\spring-webmvc-5.2.12.RELEASE.jar;D:\Cache\.m2\repo\org\springframework\boot\spring-boot-starter-actuator\2.2.13.RELEASE\spring-boot-starter-actuator-2.2.13.RELEASE.jar;D:\Cache\.m2\repo\org\springframework\boot\spring-boot-actuator-autoconfigure\2.2.13.RELEASE\spring-boot-actuator-autoconfigure-2.2.13.RELEASE.jar;D:\Cache\.m2\repo\org\springframework\boot\spring-boot-actuator\2.2.13.RELEASE\spring-boot-actuator-2.2.13.RELEASE.jar;D:\Cache\.m2\repo\io\micrometer\micrometer-core\1.3.16\micrometer-core-1.3.16.jar;D:\Cache\.m2\repo\org\hdrhistogram\HdrHistogram\2.1.11\HdrHistogram-2.1.11.jar;D:\Cache\.m2\repo\org\latencyutils\LatencyUtils\2.0.3\LatencyUtils-2.0.3.jar;D:\Cache\.m2\repo\org\springframework\boot\spring-boot-starter-freemarker\2.2.13.RELEASE\spring-boot-starter-freemarker-2.2.13.RELEASE.jar;D:\Cache\.m2\repo\org\freemarker\freemarker\2.3.30\freemarker-2.3.30.jar;D:\Cache\.m2\repo\org\springframework\spring-context-support\5.2.12.RELEASE\spring-context-support-5.2.12.RELEASE.jar;D:\Cache\.m2\repo\com\sun\jersey\jersey-servlet\1.19.1\jersey-servlet-1.19.1.jar;D:\Cache\.m2\repo\com\sun\jersey\jersey-server\1.19.1\jersey-server-1.19.1.jar;D:\Cache\.m2\repo\com\sun\jersey\jersey-client\1.19.1\jersey-client-1.19.1.jar;D:\Cache\.m2\repo\com\netflix\archaius\archaius-core\0.7.6\archaius-core-0.7.6.jar;D:\Cache\.m2\repo\com\google\code\findbugs\jsr305\3.0.1\jsr305-3.0.1.jar;D:\Cache\.m2\repo\com\google\guava\guava\16.0\guava-16.0.jar;D:\Cache\.m2\repo\javax\inject\javax.inject\1\javax.inject-1.jar;D:\Cache\.m2\repo\com\fasterxml\jackson\dataformat\jackson-dataformat-xml\2.10.5\jackson-dataformat-xml-2.10.5.jar;D:\Cache\.m2\repo\com\fasterxml\jackson\module\jackson-module-jaxb-annotations\2.10.5\jackson-module-jaxb-annotations-2.10.5.jar;D:\Cache\.m2\repo\org\codehaus\woodstox\stax2-api\4.2.1\stax2-api-4.2.1.jar;D:\Cache\.m2\repo\org\springframework\cloud\spring-cloud-starter-netflix-archaius\2.2.0.M3\spring-cloud-starter-netflix-archaius-2.2.0.M3.jar;D:\Cache\.m2\repo\org\springframework\cloud\spring-cloud-netflix-ribbon\2.2.0.M3\spring-cloud-netflix-ribbon-2.2.0.M3.jar;D:\Cache\.m2\repo\org\springframework\cloud\spring-cloud-netflix-archaius\2.2.0.M3\spring-cloud-netflix-archaius-2.2.0.M3.jar;D:\Cache\.m2\repo\commons-configuration\commons-configuration\1.8\commons-configuration-1.8.jar;D:\Cache\.m2\repo\commons-lang\commons-lang\2.6\commons-lang-2.6.jar;D:\Cache\.m2\repo\org\springframework\cloud\spring-cloud-starter-netflix-ribbon\2.2.0.M3\spring-cloud-starter-netflix-ribbon-2.2.0.M3.jar;D:\Cache\.m2\repo\com\netflix\ribbon\ribbon\2.3.0\ribbon-2.3.0.jar;D:\Cache\.m2\repo\com\netflix\ribbon\ribbon-transport\2.3.0\ribbon-transport-2.3.0.jar;D:\Cache\.m2\repo\io\reactivex\rxnetty-contexts\0.4.9\rxnetty-contexts-0.4.9.jar;D:\Cache\.m2\repo\io\reactivex\rxnetty-servo\0.4.9\rxnetty-servo-0.4.9.jar;D:\Cache\.m2\repo\com\netflix\hystrix\hystrix-core\1.5.18\hystrix-core-1.5.18.jar;D:\Cache\.m2\repo\io\reactivex\rxnetty\0.4.9\rxnetty-0.4.9.jar;D:\Cache\.m2\repo\com\netflix\ribbon\ribbon-core\2.3.0\ribbon-core-2.3.0.jar;D:\Cache\.m2\repo\com\netflix\ribbon\ribbon-httpclient\2.3.0\ribbon-httpclient-2.3.0.jar;D:\Cache\.m2\repo\commons-collections\commons-collections\3.2.2\commons-collections-3.2.2.jar;D:\Cache\.m2\repo\com\netflix\netflix-commons\netflix-commons-util\0.3.0\netflix-commons-util-0.3.0.jar;D:\Cache\.m2\repo\com\netflix\ribbon\ribbon-loadbalancer\2.3.0\ribbon-loadbalancer-2.3.0.jar;D:\Cache\.m2\repo\com\netflix\netflix-commons\netflix-statistics\0.1.1\netflix-statistics-0.1.1.jar;D:\Cache\.m2\repo\io\reactivex\rxjava\1.3.8\rxjava-1.3.8.jar;D:\Cache\.m2\repo\org\springframework\cloud\spring-cloud-starter-loadbalancer\2.2.0.M3\spring-cloud-starter-loadbalancer-2.2.0.M3.jar;D:\Cache\.m2\repo\org\springframework\cloud\spring-cloud-loadbalancer\2.2.0.M3\spring-cloud-loadbalancer-2.2.0.M3.jar;D:\Cache\.m2\repo\io\projectreactor\reactor-core\3.3.13.RELEASE\reactor-core-3.3.13.RELEASE.jar;D:\Cache\.m2\repo\org\reactivestreams\reactive-streams\1.0.3\reactive-streams-1.0.3.jar;D:\Cache\.m2\repo\io\projectreactor\addons\reactor-extra\3.3.5.RELEASE\reactor-extra-3.3.5.RELEASE.jar;D:\Cache\.m2\repo\org\springframework\boot\spring-boot-starter-cache\2.2.13.RELEASE\spring-boot-starter-cache-2.2.13.RELEASE.jar;D:\Cache\.m2\repo\com\netflix\ribbon\ribbon-eureka\2.3.0\ribbon-eureka-2.3.0.jar;D:\Cache\.m2\repo\org\glassfish\jaxb\jaxb-runtime\2.3.3\jaxb-runtime-2.3.3.jar;D:\Cache\.m2\repo\org\glassfish\jaxb\txw2\2.3.3\txw2-2.3.3.jar;D:\Cache\.m2\repo\com\sun\istack\istack-commons-runtime\3.0.11\istack-commons-runtime-3.0.11.jar;D:\Cache\.m2\repo\com\sun\activation\jakarta.activation\1.2.2\jakarta.activation-1.2.2.jar;D:\Cache\.m2\repo\org\springframework\cloud\spring-cloud-starter-netflix-eureka-client\2.2.0.M3\spring-cloud-starter-netflix-eureka-client-2.2.0.M3.jar;D:\Cache\.m2\repo\org\springframework\cloud\spring-cloud-netflix-hystrix\2.2.0.M3\spring-cloud-netflix-hystrix-2.2.0.M3.jar;D:\Cache\.m2\repo\org\springframework\boot\spring-boot-starter-aop\2.2.13.RELEASE\spring-boot-starter-aop-2.2.13.RELEASE.jar;D:\Cache\.m2\repo\org\springframework\spring-aop\5.2.12.RELEASE\spring-aop-5.2.12.RELEASE.jar;D:\Cache\.m2\repo\org\aspectj\aspectjweaver\1.9.6\aspectjweaver-1.9.6.jar;D:\Cache\.m2\repo\org\springframework\cloud\spring-cloud-netflix-eureka-client\2.2.0.M3\spring-cloud-netflix-eureka-client-2.2.0.M3.jar;D:\Cache\.m2\repo\com\netflix\eureka\eureka-client\1.9.13\eureka-client-1.9.13.jar;D:\Cache\.m2\repo\org\codehaus\jettison\jettison\1.3.7\jettison-1.3.7.jar;D:\Cache\.m2\repo\stax\stax-api\1.0.1\stax-api-1.0.1.jar;D:\Cache\.m2\repo\com\netflix\netflix-commons\netflix-eventbus\0.3.0\netflix-eventbus-0.3.0.jar;D:\Cache\.m2\repo\com\netflix\netflix-commons\netflix-infix\0.3.0\netflix-infix-0.3.0.jar;D:\Cache\.m2\repo\commons-jxpath\commons-jxpath\1.3\commons-jxpath-1.3.jar;D:\Cache\.m2\repo\joda-time\joda-time\2.10.9\joda-time-2.10.9.jar;D:\Cache\.m2\repo\org\antlr\antlr-runtime\3.4\antlr-runtime-3.4.jar;D:\Cache\.m2\repo\org\antlr\stringtemplate\3.2.1\stringtemplate-3.2.1.jar;D:\Cache\.m2\repo\antlr\antlr\2.7.7\antlr-2.7.7.jar;D:\Cache\.m2\repo\com\google\code\gson\gson\2.8.6\gson-2.8.6.jar;D:\Cache\.m2\repo\org\apache\commons\commons-math\2.2\commons-math-2.2.jar;D:\Cache\.m2\repo\javax\ws\rs\jsr311-api\1.1.1\jsr311-api-1.1.1.jar;D:\Cache\.m2\repo\com\netflix\servo\servo-core\0.12.21\servo-core-0.12.21.jar;D:\Cache\.m2\repo\com\sun\jersey\jersey-core\1.19.1\jersey-core-1.19.1.jar;D:\Cache\.m2\repo\com\sun\jersey\contribs\jersey-apache-client4\1.19.1\jersey-apache-client4-1.19.1.jar;D:\Cache\.m2\repo\org\apache\httpcomponents\httpclient\4.5.13\httpclient-4.5.13.jar;D:\Cache\.m2\repo\org\apache\httpcomponents\httpcore\4.4.14\httpcore-4.4.14.jar;D:\Cache\.m2\repo\commons-codec\commons-codec\1.13\commons-codec-1.13.jar;D:\Cache\.m2\repo\com\google\inject\guice\4.1.0\guice-4.1.0.jar;D:\Cache\.m2\repo\aopalliance\aopalliance\1.0\aopalliance-1.0.jar;D:\Cache\.m2\repo\com\fasterxml\jackson\core\jackson-annotations\2.10.5\jackson-annotations-2.10.5.jar;D:\Cache\.m2\repo\com\fasterxml\jackson\core\jackson-core\2.10.5\jackson-core-2.10.5.jar;D:\Cache\.m2\repo\com\fasterxml\jackson\core\jackson-databind\2.10.5.1\jackson-databind-2.10.5.1.jar;D:\Cache\.m2\repo\com\netflix\eureka\eureka-core\1.9.13\eureka-core-1.9.13.jar;D:\Cache\.m2\repo\com\fasterxml\woodstox\woodstox-core\5.2.1\woodstox-core-5.2.1.jar;D:\Cache\.m2\repo\com\thoughtworks\xstream\xstream\1.4.11.1\xstream-1.4.11.1.jar;D:\Cache\.m2\repo\xmlpull\xmlpull\1.1.3.1\xmlpull-1.1.3.1.jar;D:\Cache\.m2\repo\xpp3\xpp3_min\1.1.4c\xpp3_min-1.1.4c.jar;D:\Cache\.m2\repo\org\springframework\boot\spring-boot-starter-test\2.2.13.RELEASE\spring-boot-starter-test-2.2.13.RELEASE.jar;D:\Cache\.m2\repo\org\springframework\boot\spring-boot-starter\2.2.13.RELEASE\spring-boot-starter-2.2.13.RELEASE.jar;D:\Cache\.m2\repo\org\springframework\boot\spring-boot-starter-logging\2.2.13.RELEASE\spring-boot-starter-logging-2.2.13.RELEASE.jar;D:\Cache\.m2\repo\ch\qos\logback\logback-classic\1.2.3\logback-classic-1.2.3.jar;D:\Cache\.m2\repo\ch\qos\logback\logback-core\1.2.3\logback-core-1.2.3.jar;D:\Cache\.m2\repo\org\apache\logging\log4j\log4j-to-slf4j\2.12.1\log4j-to-slf4j-2.12.1.jar;D:\Cache\.m2\repo\org\apache\logging\log4j\log4j-api\2.12.1\log4j-api-2.12.1.jar;D:\Cache\.m2\repo\org\slf4j\jul-to-slf4j\1.7.30\jul-to-slf4j-1.7.30.jar;D:\Cache\.m2\repo\jakarta\annotation\jakarta.annotation-api\1.3.5\jakarta.annotation-api-1.3.5.jar;D:\Cache\.m2\repo\org\yaml\snakeyaml\1.25\snakeyaml-1.25.jar;D:\Cache\.m2\repo\org\springframework\boot\spring-boot-test\2.2.13.RELEASE\spring-boot-test-2.2.13.RELEASE.jar;D:\Cache\.m2\repo\org\springframework\boot\spring-boot-test-autoconfigure\2.2.13.RELEASE\spring-boot-test-autoconfigure-2.2.13.RELEASE.jar;D:\Cache\.m2\repo\com\jayway\jsonpath\json-path\2.4.0\json-path-2.4.0.jar;D:\Cache\.m2\repo\net\minidev\json-smart\2.3\json-smart-2.3.jar;D:\Cache\.m2\repo\net\minidev\accessors-smart\1.2\accessors-smart-1.2.jar;D:\Cache\.m2\repo\org\ow2\asm\asm\5.0.4\asm-5.0.4.jar;D:\Cache\.m2\repo\jakarta\xml\bind\jakarta.xml.bind-api\2.3.3\jakarta.xml.bind-api-2.3.3.jar;D:\Cache\.m2\repo\jakarta\activation\jakarta.activation-api\1.2.2\jakarta.activation-api-1.2.2.jar;D:\Cache\.m2\repo\org\junit\jupiter\junit-jupiter\5.5.2\junit-jupiter-5.5.2.jar;D:\Cache\.m2\repo\org\junit\jupiter\junit-jupiter-api\5.5.2\junit-jupiter-api-5.5.2.jar;D:\Cache\.m2\repo\org\opentest4j\opentest4j\1.2.0\opentest4j-1.2.0.jar;D:\Cache\.m2\repo\org\junit\platform\junit-platform-commons\1.5.2\junit-platform-commons-1.5.2.jar;D:\Cache\.m2\repo\org\junit\jupiter\junit-jupiter-params\5.5.2\junit-jupiter-params-5.5.2.jar;D:\Cache\.m2\repo\org\junit\jupiter\junit-jupiter-engine\5.5.2\junit-jupiter-engine-5.5.2.jar;D:\Cache\.m2\repo\org\junit\vintage\junit-vintage-engine\5.5.2\junit-vintage-engine-5.5.2.jar;D:\Cache\.m2\repo\org\apiguardian\apiguardian-api\1.1.0\apiguardian-api-1.1.0.jar;D:\Cache\.m2\repo\org\junit\platform\junit-platform-engine\1.5.2\junit-platform-engine-1.5.2.jar;D:\Cache\.m2\repo\org\mockito\mockito-junit-jupiter\3.1.0\mockito-junit-jupiter-3.1.0.jar;D:\Cache\.m2\repo\org\assertj\assertj-core\3.13.2\assertj-core-3.13.2.jar;D:\Cache\.m2\repo\org\hamcrest\hamcrest\2.1\hamcrest-2.1.jar;D:\Cache\.m2\repo\org\mockito\mockito-core\3.1.0\mockito-core-3.1.0.jar;D:\Cache\.m2\repo\net\bytebuddy\byte-buddy\1.10.19\byte-buddy-1.10.19.jar;D:\Cache\.m2\repo\net\bytebuddy\byte-buddy-agent\1.10.19\byte-buddy-agent-1.10.19.jar;D:\Cache\.m2\repo\org\objenesis\objenesis\2.6\objenesis-2.6.jar;D:\Cache\.m2\repo\org\skyscreamer\jsonassert\1.5.0\jsonassert-1.5.0.jar;D:\Cache\.m2\repo\com\vaadin\external\google\android-json\0.0.20131108.vaadin1\android-json-0.0.20131108.vaadin1.jar;D:\Cache\.m2\repo\org\springframework\spring-core\5.2.12.RELEASE\spring-core-5.2.12.RELEASE.jar;D:\Cache\.m2\repo\org\springframework\spring-jcl\5.2.12.RELEASE\spring-jcl-5.2.12.RELEASE.jar;D:\Cache\.m2\repo\org\springframework\spring-test\5.2.12.RELEASE\spring-test-5.2.12.RELEASE.jar;D:\Cache\.m2\repo\org\xmlunit\xmlunit-core\2.6.4\xmlunit-core-2.6.4.jar;D:\Cache\.m2\repo\com\alibaba\fastjson\1.2.78\fastjson-1.2.78.jar;"/>
    <property name="java.vm.vendor" value="Oracle Corporation"/>
    <property name="sun.arch.data.model" value="64"/>
    <property name="user.variant" value=""/>
    <property name="java.vendor.url" value="http://java.oracle.com/"/>
    <property name="user.timezone" value="GMT+08:00"/>
    <property name="java.vm.specification.version" value="1.8"/>
    <property name="os.name" value="Windows 10"/>
    <property name="user.country" value="CN"/>
    <property name="sun.java.launcher" value="SUN_STANDARD"/>
    <property name="sun.boot.library.path" value="C:\Program Files\Java\jdk1.8.0_221\jre\bin"/>
    <property name="sun.java.command" value="C:\Users\wwang\AppData\Local\Temp\surefire7266277723899568949\surefirebooter465391546827775735.jar C:\Users\wwang\AppData\Local\Temp\surefire7266277723899568949 2021-11-01T10-33-37_322-jvmRun1 surefire1360665527060201051tmp surefire_14719875455293807120tmp"/>
    <property name="surefire.test.class.path" value="D:\private\tms\tms-parent\tms-common\target\test-classes;D:\private\tms\tms-parent\tms-common\target\classes;D:\Cache\.m2\repo\junit\junit\4.12\junit-4.12.jar;D:\Cache\.m2\repo\org\hamcrest\hamcrest-core\2.1\hamcrest-core-2.1.jar;D:\Cache\.m2\repo\com\baomidou\mybatis-plus-generator\3.5.1\mybatis-plus-generator-3.5.1.jar;D:\Cache\.m2\repo\com\baomidou\mybatis-plus-boot-starter\3.4.3.4\mybatis-plus-boot-starter-3.4.3.4.jar;D:\Cache\.m2\repo\com\baomidou\mybatis-plus\3.4.3.4\mybatis-plus-3.4.3.4.jar;D:\Cache\.m2\repo\com\baomidou\mybatis-plus-extension\3.4.3.4\mybatis-plus-extension-3.4.3.4.jar;D:\Cache\.m2\repo\com\baomidou\mybatis-plus-core\3.4.3.4\mybatis-plus-core-3.4.3.4.jar;D:\Cache\.m2\repo\com\baomidou\mybatis-plus-annotation\3.4.3.4\mybatis-plus-annotation-3.4.3.4.jar;D:\Cache\.m2\repo\com\github\jsqlparser\jsqlparser\4.2\jsqlparser-4.2.jar;D:\Cache\.m2\repo\org\mybatis\mybatis\3.5.7\mybatis-3.5.7.jar;D:\Cache\.m2\repo\org\mybatis\mybatis-spring\2.0.6\mybatis-spring-2.0.6.jar;D:\Cache\.m2\repo\org\springframework\boot\spring-boot-autoconfigure\2.2.13.RELEASE\spring-boot-autoconfigure-2.2.13.RELEASE.jar;D:\Cache\.m2\repo\org\springframework\boot\spring-boot\2.2.13.RELEASE\spring-boot-2.2.13.RELEASE.jar;D:\Cache\.m2\repo\org\springframework\spring-context\5.2.12.RELEASE\spring-context-5.2.12.RELEASE.jar;D:\Cache\.m2\repo\org\springframework\spring-expression\5.2.12.RELEASE\spring-expression-5.2.12.RELEASE.jar;D:\Cache\.m2\repo\org\springframework\boot\spring-boot-starter-jdbc\2.2.13.RELEASE\spring-boot-starter-jdbc-2.2.13.RELEASE.jar;D:\Cache\.m2\repo\com\zaxxer\HikariCP\3.4.5\HikariCP-3.4.5.jar;D:\Cache\.m2\repo\org\springframework\spring-jdbc\5.2.12.RELEASE\spring-jdbc-5.2.12.RELEASE.jar;D:\Cache\.m2\repo\org\springframework\spring-beans\5.2.12.RELEASE\spring-beans-5.2.12.RELEASE.jar;D:\Cache\.m2\repo\org\springframework\spring-tx\5.2.12.RELEASE\spring-tx-5.2.12.RELEASE.jar;D:\Cache\.m2\repo\mysql\mysql-connector-java\8.0.18\mysql-connector-java-8.0.18.jar;D:\Cache\.m2\repo\com\google\protobuf\protobuf-java\3.6.1\protobuf-java-3.6.1.jar;D:\Cache\.m2\repo\org\apache\velocity\velocity-engine-core\2.3\velocity-engine-core-2.3.jar;D:\Cache\.m2\repo\org\apache\commons\commons-lang3\3.9\commons-lang3-3.9.jar;D:\Cache\.m2\repo\org\slf4j\slf4j-api\1.7.30\slf4j-api-1.7.30.jar;D:\Cache\.m2\repo\org\springframework\cloud\spring-cloud-starter-netflix-eureka-server\2.2.0.M3\spring-cloud-starter-netflix-eureka-server-2.2.0.M3.jar;D:\Cache\.m2\repo\org\springframework\cloud\spring-cloud-starter\2.2.0.M3\spring-cloud-starter-2.2.0.M3.jar;D:\Cache\.m2\repo\org\springframework\cloud\spring-cloud-context\2.2.0.M3\spring-cloud-context-2.2.0.M3.jar;D:\Cache\.m2\repo\org\springframework\security\spring-security-crypto\5.2.8.RELEASE\spring-security-crypto-5.2.8.RELEASE.jar;D:\Cache\.m2\repo\org\springframework\cloud\spring-cloud-commons\2.2.0.M3\spring-cloud-commons-2.2.0.M3.jar;D:\Cache\.m2\repo\org\springframework\security\spring-security-rsa\1.0.7.RELEASE\spring-security-rsa-1.0.7.RELEASE.jar;D:\Cache\.m2\repo\org\bouncycastle\bcpkix-jdk15on\1.60\bcpkix-jdk15on-1.60.jar;D:\Cache\.m2\repo\org\bouncycastle\bcprov-jdk15on\1.60\bcprov-jdk15on-1.60.jar;D:\Cache\.m2\repo\org\springframework\cloud\spring-cloud-netflix-eureka-server\2.2.0.M3\spring-cloud-netflix-eureka-server-2.2.0.M3.jar;D:\Cache\.m2\repo\org\springframework\boot\spring-boot-starter-web\2.2.13.RELEASE\spring-boot-starter-web-2.2.13.RELEASE.jar;D:\Cache\.m2\repo\org\springframework\boot\spring-boot-starter-json\2.2.13.RELEASE\spring-boot-starter-json-2.2.13.RELEASE.jar;D:\Cache\.m2\repo\com\fasterxml\jackson\datatype\jackson-datatype-jdk8\2.10.5\jackson-datatype-jdk8-2.10.5.jar;D:\Cache\.m2\repo\com\fasterxml\jackson\datatype\jackson-datatype-jsr310\2.10.5\jackson-datatype-jsr310-2.10.5.jar;D:\Cache\.m2\repo\com\fasterxml\jackson\module\jackson-module-parameter-names\2.10.5\jackson-module-parameter-names-2.10.5.jar;D:\Cache\.m2\repo\org\springframework\boot\spring-boot-starter-tomcat\2.2.13.RELEASE\spring-boot-starter-tomcat-2.2.13.RELEASE.jar;D:\Cache\.m2\repo\org\apache\tomcat\embed\tomcat-embed-core\9.0.41\tomcat-embed-core-9.0.41.jar;D:\Cache\.m2\repo\org\apache\tomcat\embed\tomcat-embed-el\9.0.41\tomcat-embed-el-9.0.41.jar;D:\Cache\.m2\repo\org\apache\tomcat\embed\tomcat-embed-websocket\9.0.41\tomcat-embed-websocket-9.0.41.jar;D:\Cache\.m2\repo\org\springframework\boot\spring-boot-starter-validation\2.2.13.RELEASE\spring-boot-starter-validation-2.2.13.RELEASE.jar;D:\Cache\.m2\repo\jakarta\validation\jakarta.validation-api\2.0.2\jakarta.validation-api-2.0.2.jar;D:\Cache\.m2\repo\org\hibernate\validator\hibernate-validator\6.0.22.Final\hibernate-validator-6.0.22.Final.jar;D:\Cache\.m2\repo\org\jboss\logging\jboss-logging\3.4.1.Final\jboss-logging-3.4.1.Final.jar;D:\Cache\.m2\repo\com\fasterxml\classmate\1.5.1\classmate-1.5.1.jar;D:\Cache\.m2\repo\org\springframework\spring-web\5.2.12.RELEASE\spring-web-5.2.12.RELEASE.jar;D:\Cache\.m2\repo\org\springframework\spring-webmvc\5.2.12.RELEASE\spring-webmvc-5.2.12.RELEASE.jar;D:\Cache\.m2\repo\org\springframework\boot\spring-boot-starter-actuator\2.2.13.RELEASE\spring-boot-starter-actuator-2.2.13.RELEASE.jar;D:\Cache\.m2\repo\org\springframework\boot\spring-boot-actuator-autoconfigure\2.2.13.RELEASE\spring-boot-actuator-autoconfigure-2.2.13.RELEASE.jar;D:\Cache\.m2\repo\org\springframework\boot\spring-boot-actuator\2.2.13.RELEASE\spring-boot-actuator-2.2.13.RELEASE.jar;D:\Cache\.m2\repo\io\micrometer\micrometer-core\1.3.16\micrometer-core-1.3.16.jar;D:\Cache\.m2\repo\org\hdrhistogram\HdrHistogram\2.1.11\HdrHistogram-2.1.11.jar;D:\Cache\.m2\repo\org\latencyutils\LatencyUtils\2.0.3\LatencyUtils-2.0.3.jar;D:\Cache\.m2\repo\org\springframework\boot\spring-boot-starter-freemarker\2.2.13.RELEASE\spring-boot-starter-freemarker-2.2.13.RELEASE.jar;D:\Cache\.m2\repo\org\freemarker\freemarker\2.3.30\freemarker-2.3.30.jar;D:\Cache\.m2\repo\org\springframework\spring-context-support\5.2.12.RELEASE\spring-context-support-5.2.12.RELEASE.jar;D:\Cache\.m2\repo\com\sun\jersey\jersey-servlet\1.19.1\jersey-servlet-1.19.1.jar;D:\Cache\.m2\repo\com\sun\jersey\jersey-server\1.19.1\jersey-server-1.19.1.jar;D:\Cache\.m2\repo\com\sun\jersey\jersey-client\1.19.1\jersey-client-1.19.1.jar;D:\Cache\.m2\repo\com\netflix\archaius\archaius-core\0.7.6\archaius-core-0.7.6.jar;D:\Cache\.m2\repo\com\google\code\findbugs\jsr305\3.0.1\jsr305-3.0.1.jar;D:\Cache\.m2\repo\com\google\guava\guava\16.0\guava-16.0.jar;D:\Cache\.m2\repo\javax\inject\javax.inject\1\javax.inject-1.jar;D:\Cache\.m2\repo\com\fasterxml\jackson\dataformat\jackson-dataformat-xml\2.10.5\jackson-dataformat-xml-2.10.5.jar;D:\Cache\.m2\repo\com\fasterxml\jackson\module\jackson-module-jaxb-annotations\2.10.5\jackson-module-jaxb-annotations-2.10.5.jar;D:\Cache\.m2\repo\org\codehaus\woodstox\stax2-api\4.2.1\stax2-api-4.2.1.jar;D:\Cache\.m2\repo\org\springframework\cloud\spring-cloud-starter-netflix-archaius\2.2.0.M3\spring-cloud-starter-netflix-archaius-2.2.0.M3.jar;D:\Cache\.m2\repo\org\springframework\cloud\spring-cloud-netflix-ribbon\2.2.0.M3\spring-cloud-netflix-ribbon-2.2.0.M3.jar;D:\Cache\.m2\repo\org\springframework\cloud\spring-cloud-netflix-archaius\2.2.0.M3\spring-cloud-netflix-archaius-2.2.0.M3.jar;D:\Cache\.m2\repo\commons-configuration\commons-configuration\1.8\commons-configuration-1.8.jar;D:\Cache\.m2\repo\commons-lang\commons-lang\2.6\commons-lang-2.6.jar;D:\Cache\.m2\repo\org\springframework\cloud\spring-cloud-starter-netflix-ribbon\2.2.0.M3\spring-cloud-starter-netflix-ribbon-2.2.0.M3.jar;D:\Cache\.m2\repo\com\netflix\ribbon\ribbon\2.3.0\ribbon-2.3.0.jar;D:\Cache\.m2\repo\com\netflix\ribbon\ribbon-transport\2.3.0\ribbon-transport-2.3.0.jar;D:\Cache\.m2\repo\io\reactivex\rxnetty-contexts\0.4.9\rxnetty-contexts-0.4.9.jar;D:\Cache\.m2\repo\io\reactivex\rxnetty-servo\0.4.9\rxnetty-servo-0.4.9.jar;D:\Cache\.m2\repo\com\netflix\hystrix\hystrix-core\1.5.18\hystrix-core-1.5.18.jar;D:\Cache\.m2\repo\io\reactivex\rxnetty\0.4.9\rxnetty-0.4.9.jar;D:\Cache\.m2\repo\com\netflix\ribbon\ribbon-core\2.3.0\ribbon-core-2.3.0.jar;D:\Cache\.m2\repo\com\netflix\ribbon\ribbon-httpclient\2.3.0\ribbon-httpclient-2.3.0.jar;D:\Cache\.m2\repo\commons-collections\commons-collections\3.2.2\commons-collections-3.2.2.jar;D:\Cache\.m2\repo\com\netflix\netflix-commons\netflix-commons-util\0.3.0\netflix-commons-util-0.3.0.jar;D:\Cache\.m2\repo\com\netflix\ribbon\ribbon-loadbalancer\2.3.0\ribbon-loadbalancer-2.3.0.jar;D:\Cache\.m2\repo\com\netflix\netflix-commons\netflix-statistics\0.1.1\netflix-statistics-0.1.1.jar;D:\Cache\.m2\repo\io\reactivex\rxjava\1.3.8\rxjava-1.3.8.jar;D:\Cache\.m2\repo\org\springframework\cloud\spring-cloud-starter-loadbalancer\2.2.0.M3\spring-cloud-starter-loadbalancer-2.2.0.M3.jar;D:\Cache\.m2\repo\org\springframework\cloud\spring-cloud-loadbalancer\2.2.0.M3\spring-cloud-loadbalancer-2.2.0.M3.jar;D:\Cache\.m2\repo\io\projectreactor\reactor-core\3.3.13.RELEASE\reactor-core-3.3.13.RELEASE.jar;D:\Cache\.m2\repo\org\reactivestreams\reactive-streams\1.0.3\reactive-streams-1.0.3.jar;D:\Cache\.m2\repo\io\projectreactor\addons\reactor-extra\3.3.5.RELEASE\reactor-extra-3.3.5.RELEASE.jar;D:\Cache\.m2\repo\org\springframework\boot\spring-boot-starter-cache\2.2.13.RELEASE\spring-boot-starter-cache-2.2.13.RELEASE.jar;D:\Cache\.m2\repo\com\netflix\ribbon\ribbon-eureka\2.3.0\ribbon-eureka-2.3.0.jar;D:\Cache\.m2\repo\org\glassfish\jaxb\jaxb-runtime\2.3.3\jaxb-runtime-2.3.3.jar;D:\Cache\.m2\repo\org\glassfish\jaxb\txw2\2.3.3\txw2-2.3.3.jar;D:\Cache\.m2\repo\com\sun\istack\istack-commons-runtime\3.0.11\istack-commons-runtime-3.0.11.jar;D:\Cache\.m2\repo\com\sun\activation\jakarta.activation\1.2.2\jakarta.activation-1.2.2.jar;D:\Cache\.m2\repo\org\springframework\cloud\spring-cloud-starter-netflix-eureka-client\2.2.0.M3\spring-cloud-starter-netflix-eureka-client-2.2.0.M3.jar;D:\Cache\.m2\repo\org\springframework\cloud\spring-cloud-netflix-hystrix\2.2.0.M3\spring-cloud-netflix-hystrix-2.2.0.M3.jar;D:\Cache\.m2\repo\org\springframework\boot\spring-boot-starter-aop\2.2.13.RELEASE\spring-boot-starter-aop-2.2.13.RELEASE.jar;D:\Cache\.m2\repo\org\springframework\spring-aop\5.2.12.RELEASE\spring-aop-5.2.12.RELEASE.jar;D:\Cache\.m2\repo\org\aspectj\aspectjweaver\1.9.6\aspectjweaver-1.9.6.jar;D:\Cache\.m2\repo\org\springframework\cloud\spring-cloud-netflix-eureka-client\2.2.0.M3\spring-cloud-netflix-eureka-client-2.2.0.M3.jar;D:\Cache\.m2\repo\com\netflix\eureka\eureka-client\1.9.13\eureka-client-1.9.13.jar;D:\Cache\.m2\repo\org\codehaus\jettison\jettison\1.3.7\jettison-1.3.7.jar;D:\Cache\.m2\repo\stax\stax-api\1.0.1\stax-api-1.0.1.jar;D:\Cache\.m2\repo\com\netflix\netflix-commons\netflix-eventbus\0.3.0\netflix-eventbus-0.3.0.jar;D:\Cache\.m2\repo\com\netflix\netflix-commons\netflix-infix\0.3.0\netflix-infix-0.3.0.jar;D:\Cache\.m2\repo\commons-jxpath\commons-jxpath\1.3\commons-jxpath-1.3.jar;D:\Cache\.m2\repo\joda-time\joda-time\2.10.9\joda-time-2.10.9.jar;D:\Cache\.m2\repo\org\antlr\antlr-runtime\3.4\antlr-runtime-3.4.jar;D:\Cache\.m2\repo\org\antlr\stringtemplate\3.2.1\stringtemplate-3.2.1.jar;D:\Cache\.m2\repo\antlr\antlr\2.7.7\antlr-2.7.7.jar;D:\Cache\.m2\repo\com\google\code\gson\gson\2.8.6\gson-2.8.6.jar;D:\Cache\.m2\repo\org\apache\commons\commons-math\2.2\commons-math-2.2.jar;D:\Cache\.m2\repo\javax\ws\rs\jsr311-api\1.1.1\jsr311-api-1.1.1.jar;D:\Cache\.m2\repo\com\netflix\servo\servo-core\0.12.21\servo-core-0.12.21.jar;D:\Cache\.m2\repo\com\sun\jersey\jersey-core\1.19.1\jersey-core-1.19.1.jar;D:\Cache\.m2\repo\com\sun\jersey\contribs\jersey-apache-client4\1.19.1\jersey-apache-client4-1.19.1.jar;D:\Cache\.m2\repo\org\apache\httpcomponents\httpclient\4.5.13\httpclient-4.5.13.jar;D:\Cache\.m2\repo\org\apache\httpcomponents\httpcore\4.4.14\httpcore-4.4.14.jar;D:\Cache\.m2\repo\commons-codec\commons-codec\1.13\commons-codec-1.13.jar;D:\Cache\.m2\repo\com\google\inject\guice\4.1.0\guice-4.1.0.jar;D:\Cache\.m2\repo\aopalliance\aopalliance\1.0\aopalliance-1.0.jar;D:\Cache\.m2\repo\com\fasterxml\jackson\core\jackson-annotations\2.10.5\jackson-annotations-2.10.5.jar;D:\Cache\.m2\repo\com\fasterxml\jackson\core\jackson-core\2.10.5\jackson-core-2.10.5.jar;D:\Cache\.m2\repo\com\fasterxml\jackson\core\jackson-databind\2.10.5.1\jackson-databind-2.10.5.1.jar;D:\Cache\.m2\repo\com\netflix\eureka\eureka-core\1.9.13\eureka-core-1.9.13.jar;D:\Cache\.m2\repo\com\fasterxml\woodstox\woodstox-core\5.2.1\woodstox-core-5.2.1.jar;D:\Cache\.m2\repo\com\thoughtworks\xstream\xstream\1.4.11.1\xstream-1.4.11.1.jar;D:\Cache\.m2\repo\xmlpull\xmlpull\1.1.3.1\xmlpull-1.1.3.1.jar;D:\Cache\.m2\repo\xpp3\xpp3_min\1.1.4c\xpp3_min-1.1.4c.jar;D:\Cache\.m2\repo\org\springframework\boot\spring-boot-starter-test\2.2.13.RELEASE\spring-boot-starter-test-2.2.13.RELEASE.jar;D:\Cache\.m2\repo\org\springframework\boot\spring-boot-starter\2.2.13.RELEASE\spring-boot-starter-2.2.13.RELEASE.jar;D:\Cache\.m2\repo\org\springframework\boot\spring-boot-starter-logging\2.2.13.RELEASE\spring-boot-starter-logging-2.2.13.RELEASE.jar;D:\Cache\.m2\repo\ch\qos\logback\logback-classic\1.2.3\logback-classic-1.2.3.jar;D:\Cache\.m2\repo\ch\qos\logback\logback-core\1.2.3\logback-core-1.2.3.jar;D:\Cache\.m2\repo\org\apache\logging\log4j\log4j-to-slf4j\2.12.1\log4j-to-slf4j-2.12.1.jar;D:\Cache\.m2\repo\org\apache\logging\log4j\log4j-api\2.12.1\log4j-api-2.12.1.jar;D:\Cache\.m2\repo\org\slf4j\jul-to-slf4j\1.7.30\jul-to-slf4j-1.7.30.jar;D:\Cache\.m2\repo\jakarta\annotation\jakarta.annotation-api\1.3.5\jakarta.annotation-api-1.3.5.jar;D:\Cache\.m2\repo\org\yaml\snakeyaml\1.25\snakeyaml-1.25.jar;D:\Cache\.m2\repo\org\springframework\boot\spring-boot-test\2.2.13.RELEASE\spring-boot-test-2.2.13.RELEASE.jar;D:\Cache\.m2\repo\org\springframework\boot\spring-boot-test-autoconfigure\2.2.13.RELEASE\spring-boot-test-autoconfigure-2.2.13.RELEASE.jar;D:\Cache\.m2\repo\com\jayway\jsonpath\json-path\2.4.0\json-path-2.4.0.jar;D:\Cache\.m2\repo\net\minidev\json-smart\2.3\json-smart-2.3.jar;D:\Cache\.m2\repo\net\minidev\accessors-smart\1.2\accessors-smart-1.2.jar;D:\Cache\.m2\repo\org\ow2\asm\asm\5.0.4\asm-5.0.4.jar;D:\Cache\.m2\repo\jakarta\xml\bind\jakarta.xml.bind-api\2.3.3\jakarta.xml.bind-api-2.3.3.jar;D:\Cache\.m2\repo\jakarta\activation\jakarta.activation-api\1.2.2\jakarta.activation-api-1.2.2.jar;D:\Cache\.m2\repo\org\junit\jupiter\junit-jupiter\5.5.2\junit-jupiter-5.5.2.jar;D:\Cache\.m2\repo\org\junit\jupiter\junit-jupiter-api\5.5.2\junit-jupiter-api-5.5.2.jar;D:\Cache\.m2\repo\org\opentest4j\opentest4j\1.2.0\opentest4j-1.2.0.jar;D:\Cache\.m2\repo\org\junit\platform\junit-platform-commons\1.5.2\junit-platform-commons-1.5.2.jar;D:\Cache\.m2\repo\org\junit\jupiter\junit-jupiter-params\5.5.2\junit-jupiter-params-5.5.2.jar;D:\Cache\.m2\repo\org\junit\jupiter\junit-jupiter-engine\5.5.2\junit-jupiter-engine-5.5.2.jar;D:\Cache\.m2\repo\org\junit\vintage\junit-vintage-engine\5.5.2\junit-vintage-engine-5.5.2.jar;D:\Cache\.m2\repo\org\apiguardian\apiguardian-api\1.1.0\apiguardian-api-1.1.0.jar;D:\Cache\.m2\repo\org\junit\platform\junit-platform-engine\1.5.2\junit-platform-engine-1.5.2.jar;D:\Cache\.m2\repo\org\mockito\mockito-junit-jupiter\3.1.0\mockito-junit-jupiter-3.1.0.jar;D:\Cache\.m2\repo\org\assertj\assertj-core\3.13.2\assertj-core-3.13.2.jar;D:\Cache\.m2\repo\org\hamcrest\hamcrest\2.1\hamcrest-2.1.jar;D:\Cache\.m2\repo\org\mockito\mockito-core\3.1.0\mockito-core-3.1.0.jar;D:\Cache\.m2\repo\net\bytebuddy\byte-buddy\1.10.19\byte-buddy-1.10.19.jar;D:\Cache\.m2\repo\net\bytebuddy\byte-buddy-agent\1.10.19\byte-buddy-agent-1.10.19.jar;D:\Cache\.m2\repo\org\objenesis\objenesis\2.6\objenesis-2.6.jar;D:\Cache\.m2\repo\org\skyscreamer\jsonassert\1.5.0\jsonassert-1.5.0.jar;D:\Cache\.m2\repo\com\vaadin\external\google\android-json\0.0.20131108.vaadin1\android-json-0.0.20131108.vaadin1.jar;D:\Cache\.m2\repo\org\springframework\spring-core\5.2.12.RELEASE\spring-core-5.2.12.RELEASE.jar;D:\Cache\.m2\repo\org\springframework\spring-jcl\5.2.12.RELEASE\spring-jcl-5.2.12.RELEASE.jar;D:\Cache\.m2\repo\org\springframework\spring-test\5.2.12.RELEASE\spring-test-5.2.12.RELEASE.jar;D:\Cache\.m2\repo\org\xmlunit\xmlunit-core\2.6.4\xmlunit-core-2.6.4.jar;D:\Cache\.m2\repo\com\alibaba\fastjson\1.2.78\fastjson-1.2.78.jar;"/>
    <property name="sun.cpu.endian" value="little"/>
    <property name="user.home" value="C:\Users\wwang"/>
    <property name="user.language" value="zh"/>
    <property name="java.specification.vendor" value="Oracle Corporation"/>
    <property name="java.home" value="C:\Program Files\Java\jdk1.8.0_221\jre"/>
    <property name="basedir" value="D:\private\tms\tms-parent\tms-common"/>
    <property name="file.separator" value="\"/>
    <property name="line.separator" value="&#10;"/>
    <property name="java.vm.specification.vendor" value="Oracle Corporation"/>
    <property name="java.specification.name" value="Java Platform API Specification"/>
    <property name="java.awt.graphicsenv" value="sun.awt.Win32GraphicsEnvironment"/>
    <property name="surefire.real.class.path" value="C:\Users\wwang\AppData\Local\Temp\surefire7266277723899568949\surefirebooter465391546827775735.jar"/>
    <property name="sun.boot.class.path" value="C:\Program Files\Java\jdk1.8.0_221\jre\lib\resources.jar;C:\Program Files\Java\jdk1.8.0_221\jre\lib\rt.jar;C:\Program Files\Java\jdk1.8.0_221\jre\lib\sunrsasign.jar;C:\Program Files\Java\jdk1.8.0_221\jre\lib\jsse.jar;C:\Program Files\Java\jdk1.8.0_221\jre\lib\jce.jar;C:\Program Files\Java\jdk1.8.0_221\jre\lib\charsets.jar;C:\Program Files\Java\jdk1.8.0_221\jre\lib\jfr.jar;C:\Program Files\Java\jdk1.8.0_221\jre\classes"/>
    <property name="user.script" value=""/>
    <property name="sun.management.compiler" value="HotSpot 64-Bit Tiered Compilers"/>
    <property name="java.runtime.version" value="1.8.0_221-b11"/>
    <property name="user.name" value="wwang"/>
    <property name="path.separator" value=";"/>
    <property name="os.version" value="10.0"/>
    <property name="java.endorsed.dirs" value="C:\Program Files\Java\jdk1.8.0_221\jre\lib\endorsed"/>
    <property name="java.runtime.name" value="Java(TM) SE Runtime Environment"/>
    <property name="file.encoding" value="GBK"/>
    <property name="java.vm.name" value="Java HotSpot(TM) 64-Bit Server VM"/>
    <property name="localRepository" value="D:\Cache\.m2\repo"/>
    <property name="java.vendor.url.bug" value="http://bugreport.sun.com/bugreport/"/>
    <property name="java.io.tmpdir" value="C:\Users\wwang\AppData\Local\Temp\"/>
    <property name="java.version" value="1.8.0_221"/>
    <property name="user.dir" value="D:\private\tms\tms-parent\tms-common"/>
    <property name="os.arch" value="amd64"/>
    <property name="java.vm.specification.name" value="Java Virtual Machine Specification"/>
    <property name="java.awt.printerjob" value="sun.awt.windows.WPrinterJob"/>
    <property name="sun.os.patch.level" value=""/>
    <property name="java.library.path" value="C:\Program Files\Java\jdk1.8.0_221\jre\bin;C:\WINDOWS\Sun\Java\bin;C:\WINDOWS\system32;C:\WINDOWS;C:/Program Files/Java/jre1.8.0_221/bin/server;C:/Program Files/Java/jre1.8.0_221/bin;C:/Program Files/Java/jre1.8.0_221/lib/amd64;C:\Program Files (x86)\Common Files\Oracle\Java\javapath;C:\Program Files (x86)\Intel\iCLS Client\;C:\Program Files\Intel\iCLS Client\;C:\windows\system32;C:\windows;C:\windows\System32\Wbem;C:\windows\System32\WindowsPowerShell\v1.0\;C:\Program Files (x86)\Intel\Intel(R) Management Engine Components\DAL;C:\Program Files\Intel\Intel(R) Management Engine Components\DAL;C:\Program Files (x86)\Intel\Intel(R) Management Engine Components\IPT;C:\Program Files\Intel\Intel(R) Management Engine Components\IPT;C:\Program Files (x86)\NVIDIA Corporation\PhysX\Common;C:\WINDOWS\system32;C:\WINDOWS;C:\WINDOWS\System32\Wbem;C:\WINDOWS\System32\WindowsPowerShell\v1.0\;C:\WINDOWS\System32\OpenSSH\;C:\Program Files\Java\jdk1.8.0_221\bin;D:\software\work\Git\cmd;D:\software\nodejs\;D:\debug\tool\python-3.9.5-embed-amd64;D:\debug\tool\apache-maven-3.6.1\bin;C:\Users\wwang\AppData\Local\Microsoft\WindowsApps;C:\Users\wwang\AppData\Local\BypassRuntm;C:\Users\wwang\AppData\Roaming\npm;%USERPROFILE%\AppData\Local\Microsoft\WindowsApps;;C:\Users\wwang\Desktop;;."/>
    <property name="java.vm.info" value="mixed mode"/>
    <property name="java.vendor" value="Oracle Corporation"/>
    <property name="java.vm.version" value="25.221-b11"/>
    <property name="java.rmi.server.randomIDs" value="true"/>
    <property name="java.ext.dirs" value="C:\Program Files\Java\jdk1.8.0_221\jre\lib\ext;C:\WINDOWS\Sun\Java\lib\ext"/>
    <property name="sun.io.unicode.encoding" value="UnicodeLittle"/>
    <property name="java.class.version" value="52.0"/>
  </properties>
  <testcase name="testApp" classname="com.tms.common.AppTest" time="0.002"/>
</testsuite>